<?xml version="1.0" encoding="UTF-8"?>
<testng-results ignored="0" total="1" passed="1" failed="0" skipped="0">
  <reporter-output>
  </reporter-output>
  <suite started-at="2024-08-05T22:08:40 IST" name="CRM" finished-at="2024-08-05T22:08:59 IST" duration-ms="18212">
    <groups>
    </groups>
    <test started-at="2024-08-05T22:08:40 IST" name="Gleantap" finished-at="2024-08-05T22:08:59 IST" duration-ms="18212">
      <class name="com.crm.gleantapauto.tests.login">
        <test-method is-config="true" signature="LaunchApplication()[pri:0, instance:com.crm.gleantapauto.tests.login@3d6f0054]" started-at="2024-08-05T22:08:41 IST" name="LaunchApplication" finished-at="2024-08-05T22:08:46 IST" duration-ms="5589" status="PASS">
          <reporter-output>
          </reporter-output>
        </test-method> <!-- LaunchApplication -->
        <test-method signature="Verifylogin()[pri:0, instance:com.crm.gleantapauto.tests.login@3d6f0054]" started-at="2024-08-05T22:08:46 IST" name="Verifylogin" finished-at="2024-08-05T22:08:59 IST" duration-ms="12412" status="PASS">
          <reporter-output>
          </reporter-output>
        </test-method> <!-- Verifylogin -->
        <test-method is-config="true" signature="tearDown()[pri:0, instance:com.crm.gleantapauto.tests.login@3d6f0054]" started-at="2024-08-05T22:08:59 IST" name="tearDown" finished-at="2024-08-05T22:08:59 IST" duration-ms="180" status="PASS">
          <reporter-output>
          </reporter-output>
        </test-method> <!-- tearDown -->
      </class> <!-- com.crm.gleantapauto.tests.login -->
    </test> <!-- Gleantap -->
  </suite> <!-- CRM -->
</testng-results>
