<?xml version="1.0" encoding="UTF-8"?>
<testng-results ignored="0" total="1" passed="1" failed="0" skipped="0">
  <reporter-output>
  </reporter-output>
  <suite started-at="2024-08-06T22:19:29 IST" name="CRM" finished-at="2024-08-06T22:19:51 IST" duration-ms="21658">
    <groups>
    </groups>
    <test started-at="2024-08-06T22:19:29 IST" name="Gleantap" finished-at="2024-08-06T22:19:51 IST" duration-ms="21658">
      <class name="com.crm.gleantapauto.tests.login">
        <test-method is-config="true" signature="LaunchApplication()[pri:0, instance:com.crm.gleantapauto.tests.login@708f5957]" started-at="2024-08-06T22:19:29 IST" name="LaunchApplication" finished-at="2024-08-06T22:19:37 IST" duration-ms="7742" status="PASS">
          <reporter-output>
          </reporter-output>
        </test-method> <!-- LaunchApplication -->
        <test-method signature="Verifylogin()[pri:0, instance:com.crm.gleantapauto.tests.login@708f5957]" started-at="2024-08-06T22:19:37 IST" name="Verifylogin" finished-at="2024-08-06T22:19:51 IST" duration-ms="13695" status="PASS">
          <reporter-output>
          </reporter-output>
        </test-method> <!-- Verifylogin -->
        <test-method is-config="true" signature="tearDown()[pri:0, instance:com.crm.gleantapauto.tests.login@708f5957]" started-at="2024-08-06T22:19:51 IST" name="tearDown" finished-at="2024-08-06T22:19:51 IST" duration-ms="182" status="PASS">
          <reporter-output>
          </reporter-output>
        </test-method> <!-- tearDown -->
      </class> <!-- com.crm.gleantapauto.tests.login -->
    </test> <!-- Gleantap -->
  </suite> <!-- CRM -->
</testng-results>
